[2024-09-25 23:12:49] - App => User logged.
[2024-09-25 23:12:49] - App => User logged.
[2024-09-25 23:12:50] - App => User logged.
[2024-09-25 23:12:51] - App => User logged.
[2024-09-25 23:12:51] - App => User logged.
[2024-09-25 23:13:18] - App => User logged.
[2024-09-25 23:13:35] - App => User logged.
[2024-09-25 23:13:35] - App => User info: {"code"=>200, "user"=>[{"id"=>"2", "username"=>"thoribal", "email"=>"thoribal@student.42perpignan.fr", "password"=>nil, "role"=>"0", "login_type"=>"1", "actived_at"=>nil, "updated_at"=>"2024-09-25 12:47:43", "deleted_at"=>nil, "created_at"=>"2024-09-25 12:47:43.295684"}]}
[2024-09-25 23:13:35] - App => User logged: true, IsLogged: false
[2024-09-25 23:17:33] - App => User logged.
[2024-09-25 23:17:42] - App => User logged.
[2024-09-25 23:17:59] - App => User logged.
[2024-09-25 23:17:59] - App => User info: {"code"=>200, "user"=>[{"id"=>"2", "username"=>"thoribal", "email"=>"thoribal@student.42perpignan.fr", "password"=>nil, "role"=>"0", "login_type"=>"1", "actived_at"=>nil, "updated_at"=>"2024-09-25 12:47:43", "deleted_at"=>nil, "created_at"=>"2024-09-25 12:47:43.295684"}]}
[2024-09-25 23:17:59] - App => User logged: true, IsLogged: false
[2024-09-25 23:18:57] - App => User logged.
[2024-09-25 23:19:09] - App => User logged.
[2024-09-25 23:19:09] - App => User info: {"code"=>200, "user"=>[{"id"=>"2", "username"=>"thoribal", "email"=>"thoribal@student.42perpignan.fr", "password"=>nil, "role"=>"0", "login_type"=>"1", "actived_at"=>nil, "updated_at"=>"2024-09-25 12:47:43", "deleted_at"=>nil, "created_at"=>"2024-09-25 12:47:43.295684"}]}
[2024-09-25 23:19:09] - App => User logged: true, IsLogged: false
[2024-09-25 23:19:09] - App => User logged.
[2024-09-25 23:23:03] - App => User logged.
[2024-09-25 23:23:05] - App => User logged.
[2024-09-25 23:23:40] - App => User logged.
[2024-09-25 23:23:44] - App => User logged.
[2024-09-25 23:24:19] - App => User logged.
[2024-09-25 23:24:31] - App => User logged.
[2024-09-25 23:24:43] - App => User logged.
[2024-09-25 23:24:43] - App => User info: {"code"=>200, "user"=>[{"id"=>"2", "username"=>"thoribal", "email"=>"thoribal@student.42perpignan.fr", "password"=>nil, "role"=>"0", "login_type"=>"1", "actived_at"=>nil, "updated_at"=>"2024-09-25 12:47:43", "deleted_at"=>nil, "created_at"=>"2024-09-25 12:47:43.295684"}]}
[2024-09-25 23:24:43] - App => User logged: true, IsLogged: false
[2024-09-25 23:24:43] - App => User logged.
[2024-09-25 23:24:51] - App => User logged.
[2024-09-25 23:24:52] - App => User logged.
[2024-09-25 23:24:52] - App => User logged.
[2024-09-25 23:24:53] - App => User logged.
[2024-09-25 23:24:53] - App => User logged.
[2024-09-25 23:31:52] - App => / User logged: false, IsLogged: false
[2024-09-25 23:32:19] - App => User logged.
[2024-09-25 23:32:19] - App => User info: {"code"=>200, "user"=>[{"id"=>"2", "username"=>"thoribal", "email"=>"thoribal@student.42perpignan.fr", "password"=>nil, "role"=>"0", "login_type"=>"1", "actived_at"=>nil, "updated_at"=>"2024-09-25 12:47:43", "deleted_at"=>nil, "created_at"=>"2024-09-25 12:47:43.295684"}]}
[2024-09-25 23:32:19] - App => Profil User logged: true, IsLogged: false
[2024-09-25 23:32:23] - App => User logged.
[2024-09-25 23:32:23] - App => Pong User logged: true, IsLogged: true
[2024-09-25 23:32:44] - App => User logged.
[2024-09-25 23:32:44] - App => Pong User logged: true, IsLogged: true
[2024-09-25 23:32:46] - App => User logged.
[2024-09-25 23:32:46] - App => Pong User logged: true, IsLogged: true
[2024-09-25 23:32:47] - App => User logged.
[2024-09-25 23:32:47] - App => Pong User logged: true, IsLogged: true
[2024-09-25 23:36:30] - App => User logged {"message"=>"Access token is valid."}.
[2024-09-25 23:36:30] - App => / User logged: true, IsLogged: false
[2024-09-25 23:36:39] - App => Pong User logged: false, IsLogged: true
[2024-09-25 23:36:40] - App => Pong User logged: false, IsLogged: false
[2024-09-25 23:36:40] - App => Pong User logged: false, IsLogged: false
[2024-09-25 23:36:41] - App => Pong User logged: false, IsLogged: false
[2024-09-25 23:36:41] - App => Pong User logged: false, IsLogged: false
[2024-09-25 23:36:42] - App => Pong User logged: false, IsLogged: false
[2024-09-25 23:36:44] - App => / User logged: false, IsLogged: false
[2024-09-25 23:36:45] - App => Pong User logged: false, IsLogged: false
[2024-09-25 23:36:45] - App => Pong User logged: false, IsLogged: false
[2024-09-25 23:37:30] - App => User logged {"message"=>"Access token is valid."}.
[2024-09-25 23:37:30] - App => User info: {"code"=>200, "user"=>[{"id"=>"2", "username"=>"thoribal", "email"=>"thoribal@student.42perpignan.fr", "password"=>nil, "role"=>"0", "login_type"=>"1", "actived_at"=>nil, "updated_at"=>"2024-09-25 12:47:43", "deleted_at"=>nil, "created_at"=>"2024-09-25 12:47:43.295684"}]}
[2024-09-25 23:37:30] - App => Profil User logged: true, IsLogged: false
[2024-09-25 23:37:32] - App => User logged {"message"=>"Access token is valid."}.
[2024-09-25 23:37:32] - App => Pong User logged: true, IsLogged: true
[2024-09-25 23:37:32] - App => User logged {"message"=>"Access token is valid."}.
[2024-09-25 23:37:32] - App => Pong User logged: true, IsLogged: true
[2024-09-25 23:37:33] - App => User logged {"message"=>"Access token is valid."}.
[2024-09-25 23:37:33] - App => Pong User logged: true, IsLogged: true
[2024-09-25 23:37:33] - App => User logged {"message"=>"Access token is valid."}.
[2024-09-25 23:37:33] - App => / User logged: true, IsLogged: true
[2024-09-25 23:37:34] - App => User logged {"message"=>"Access token is valid."}.
[2024-09-25 23:37:34] - App => Pong User logged: true, IsLogged: true
[2024-09-25 23:37:40] - App => Pong User logged: false, IsLogged: true
[2024-09-25 23:37:41] - App => Pong User logged: false, IsLogged: false
[2024-09-25 23:37:41] - App => / User logged: false, IsLogged: false
[2024-09-25 23:37:41] - App => Pong User logged: false, IsLogged: false
[2024-09-25 23:37:42] - App => Pong User logged: false, IsLogged: false
[2024-09-25 23:42:27] - App => User logged {"message"=>"Access token is valid."}.
[2024-09-25 23:42:27] - App => User info: {"code"=>200, "user"=>[{"id"=>"2", "username"=>"thoribal", "email"=>"thoribal@student.42perpignan.fr", "password"=>nil, "role"=>"0", "login_type"=>"1", "actived_at"=>nil, "updated_at"=>"2024-09-25 12:47:43", "deleted_at"=>nil, "created_at"=>"2024-09-25 12:47:43.295684"}]}
[2024-09-25 23:42:27] - App => Profil User logged: true, IsLogged: false
[2024-09-25 23:42:31] - App => User logged {"message"=>"Access token is valid."}.
[2024-09-25 23:42:31] - App => / User logged: true, IsLogged: false
[2024-09-25 23:42:31] - App => User logged {"message"=>"Access token is valid."}.
[2024-09-25 23:42:31] - App => User logged {"message"=>"Access token is valid."}.
[2024-09-25 23:42:32] - App => User logged {"message"=>"Access token is valid."}.
[2024-09-25 23:42:32] - App => / User logged: true, IsLogged: false
[2024-09-25 23:42:33] - App => User logged {"message"=>"Access token is valid."}.
[2024-09-25 23:42:33] - App => User logged {"message"=>"Access token is valid."}.
